{"C:\\Users\\Abder\\Downloads\\Code\\cintoo\\src\\app.ts": {"path":"C:\\Users\\Abder\\Downloads\\Code\\cintoo\\src\\app.ts","statementMap":{"0":{"start":{"line":1,"column":0},"end":{"line":1,"column":37}},"1":{"start":{"line":2,"column":0},"end":{"line":2,"column":36}},"2":{"start":{"line":3,"column":0},"end":{"line":3,"column":40}},"3":{"start":{"line":4,"column":50},"end":{"line":4,"column":55}},"4":{"start":{"line":7,"column":61},"end":{"line":7,"column":80}},"5":{"start":{"line":8,"column":18},"end":{"line":8,"column":35}},"6":{"start":{"line":9,"column":39},"end":{"line":9,"column":64}},"7":{"start":{"line":10,"column":42},"end":{"line":10,"column":67}},"8":{"start":{"line":11,"column":39},"end":{"line":11,"column":64}},"9":{"start":{"line":13,"column":26},"end":{"line":13,"column":27}},"10":{"start":{"line":14,"column":33},"end":{"line":14,"column":34}},"11":{"start":{"line":16,"column":31},"end":{"line":16,"column":35}},"12":{"start":{"line":17,"column":26},"end":{"line":17,"column":31}},"13":{"start":{"line":18,"column":35},"end":{"line":18,"column":40}},"14":{"start":{"line":19,"column":31},"end":{"line":19,"column":35}},"15":{"start":{"line":21,"column":18},"end":{"line":21,"column":44}},"16":{"start":{"line":22,"column":31},"end":{"line":22,"column":33}},"17":{"start":{"line":23,"column":46},"end":{"line":23,"column":48}},"18":{"start":{"line":25,"column":38},"end":{"line":39,"column":5}},"19":{"start":{"line":26,"column":20},"end":{"line":26,"column":21}},"20":{"start":{"line":27,"column":8},"end":{"line":27,"column":61}},"21":{"start":{"line":29,"column":8},"end":{"line":35,"column":11}},"22":{"start":{"line":30,"column":12},"end":{"line":33,"column":null}},"23":{"start":{"line":31,"column":16},"end":{"line":31,"column":27}},"24":{"start":{"line":32,"column":16},"end":{"line":32,"column":25}},"25":{"start":{"line":34,"column":12},"end":{"line":34,"column":21}},"26":{"start":{"line":36,"column":8},"end":{"line":38,"column":null}},"27":{"start":{"line":37,"column":12},"end":{"line":37,"column":28}},"28":{"start":{"line":40,"column":21},"end":{"line":68,"column":5}},"29":{"start":{"line":53,"column":8},"end":{"line":53,"column":null}},"30":{"start":{"line":54,"column":8},"end":{"line":54,"column":null}},"31":{"start":{"line":55,"column":8},"end":{"line":55,"column":null}},"32":{"start":{"line":56,"column":8},"end":{"line":56,"column":null}},"33":{"start":{"line":57,"column":8},"end":{"line":57,"column":null}},"34":{"start":{"line":58,"column":8},"end":{"line":58,"column":null}},"35":{"start":{"line":59,"column":8},"end":{"line":59,"column":null}},"36":{"start":{"line":61,"column":8},"end":{"line":61,"column":43}},"37":{"start":{"line":62,"column":8},"end":{"line":65,"column":null}},"38":{"start":{"line":64,"column":12},"end":{"line":64,"column":29}},"39":{"start":{"line":66,"column":8},"end":{"line":66,"column":59}},"40":{"start":{"line":69,"column":4},"end":{"line":69,"column":50}},"41":{"start":{"line":71,"column":17},"end":{"line":86,"column":5}},"42":{"start":{"line":73,"column":8},"end":{"line":79,"column":null}},"43":{"start":{"line":74,"column":104},"end":{"line":74,"column":148}},"44":{"start":{"line":75,"column":12},"end":{"line":75,"column":47}},"45":{"start":{"line":76,"column":12},"end":{"line":76,"column":60}},"46":{"start":{"line":78,"column":12},"end":{"line":78,"column":19}},"47":{"start":{"line":81,"column":8},"end":{"line":81,"column":57}},"48":{"start":{"line":83,"column":20},"end":{"line":83,"column":135}},"49":{"start":{"line":84,"column":8},"end":{"line":85,"column":null}},"50":{"start":{"line":85,"column":12},"end":{"line":85,"column":null}},"51":{"start":{"line":88,"column":4},"end":{"line":88,"column":null}},"52":{"start":{"line":88,"column":80},"end":{"line":88,"column":null}},"53":{"start":{"line":90,"column":4},"end":{"line":94,"column":null}},"54":{"start":{"line":91,"column":8},"end":{"line":91,"column":25}},"55":{"start":{"line":93,"column":8},"end":{"line":93,"column":26}},"56":{"start":{"line":6,"column":0},"end":{"line":6,"column":16}}},"fnMap":{"0":{"name":"App","decl":{"start":{"line":6,"column":16},"end":{"line":6,"column":19}},"loc":{"start":{"line":6,"column":36},"end":{"line":95,"column":1}}},"1":{"name":"(anonymous_7)","decl":{"start":{"line":25,"column":38},"end":{"line":25,"column":39}},"loc":{"start":{"line":25,"column":71},"end":{"line":39,"column":5}}},"2":{"name":"(anonymous_8)","decl":{"start":{"line":29,"column":38},"end":{"line":29,"column":42}},"loc":{"start":{"line":29,"column":45},"end":{"line":35,"column":9}}},"3":{"name":"(anonymous_9)","decl":{"start":{"line":40,"column":21},"end":{"line":40,"column":null}},"loc":{"start":{"line":49,"column":32},"end":{"line":68,"column":5}}},"4":{"name":"(anonymous_10)","decl":{"start":{"line":71,"column":17},"end":{"line":71,"column":20}},"loc":{"start":{"line":71,"column":22},"end":{"line":86,"column":5}}}},"branchMap":{"0":{"loc":{"start":{"line":30,"column":12},"end":{"line":33,"column":null}},"type":"if","locations":[{"start":{"line":30,"column":12},"end":{"line":33,"column":null}}]},"1":{"loc":{"start":{"line":36,"column":8},"end":{"line":38,"column":null}},"type":"if","locations":[{"start":{"line":36,"column":8},"end":{"line":38,"column":null}}]},"2":{"loc":{"start":{"line":62,"column":8},"end":{"line":65,"column":null}},"type":"if","locations":[{"start":{"line":62,"column":8},"end":{"line":65,"column":null}}]},"3":{"loc":{"start":{"line":73,"column":8},"end":{"line":79,"column":null}},"type":"if","locations":[{"start":{"line":73,"column":8},"end":{"line":79,"column":null}}]},"4":{"loc":{"start":{"line":84,"column":8},"end":{"line":85,"column":null}},"type":"if","locations":[{"start":{"line":84,"column":8},"end":{"line":85,"column":null}}]},"5":{"loc":{"start":{"line":88,"column":10},"end":{"line":88,"column":78}},"type":"binary-expr","locations":[{"start":{"line":88,"column":10},"end":{"line":88,"column":52}},{"start":{"line":88,"column":56},"end":{"line":88,"column":78}}]},"6":{"loc":{"start":{"line":90,"column":4},"end":{"line":94,"column":null}},"type":"if","locations":[{"start":{"line":90,"column":4},"end":{"line":94,"column":null}},{"start":{"line":92,"column":11},"end":{"line":94,"column":null}}]}},"s":{"0":1,"1":1,"2":1,"3":1,"4":1,"5":1,"6":1,"7":1,"8":1,"9":1,"10":1,"11":1,"12":1,"13":1,"14":1,"15":1,"16":1,"17":1,"18":1,"19":5,"20":5,"21":5,"22":15,"23":5,"24":5,"25":10,"26":5,"27":0,"28":1,"29":4,"30":4,"31":4,"32":4,"33":4,"34":4,"35":4,"36":4,"37":4,"38":1,"39":4,"40":1,"41":1,"42":4,"43":0,"44":0,"45":0,"46":0,"47":4,"48":4,"49":4,"50":4,"51":1,"52":4,"53":1,"54":0,"55":1,"56":1},"f":{"0":1,"1":5,"2":15,"3":4,"4":4},"b":{"0":[5],"1":[0],"2":[1],"3":[0],"4":[4],"5":[5,4],"6":[0,1]}}
,"C:\\Users\\Abder\\Downloads\\Code\\cintoo\\src\\constants.ts": {"path":"C:\\Users\\Abder\\Downloads\\Code\\cintoo\\src\\constants.ts","statementMap":{"0":{"start":{"line":2,"column":13},"end":{"line":2,"column":40}},"1":{"start":{"line":4,"column":13},"end":{"line":4,"column":38}},"2":{"start":{"line":6,"column":13},"end":{"line":6,"column":40}},"3":{"start":{"line":8,"column":13},"end":{"line":8,"column":36}},"4":{"start":{"line":10,"column":13},"end":{"line":10,"column":40}},"5":{"start":{"line":12,"column":13},"end":{"line":12,"column":42}},"6":{"start":{"line":14,"column":13},"end":{"line":14,"column":40}},"7":{"start":{"line":16,"column":13},"end":{"line":16,"column":37}},"8":{"start":{"line":18,"column":13},"end":{"line":18,"column":36}},"9":{"start":{"line":20,"column":13},"end":{"line":20,"column":37}},"10":{"start":{"line":22,"column":13},"end":{"line":22,"column":36}},"11":{"start":{"line":24,"column":13},"end":{"line":24,"column":40}},"12":{"start":{"line":26,"column":13},"end":{"line":26,"column":38}},"13":{"start":{"line":28,"column":13},"end":{"line":28,"column":40}}},"fnMap":{},"branchMap":{},"s":{"0":1,"1":1,"2":1,"3":1,"4":1,"5":1,"6":1,"7":1,"8":1,"9":1,"10":1,"11":1,"12":1,"13":1},"f":{},"b":{}}
,"C:\\Users\\Abder\\Downloads\\Code\\cintoo\\src\\filereader.ts": {"path":"C:\\Users\\Abder\\Downloads\\Code\\cintoo\\src\\filereader.ts","statementMap":{"0":{"start":{"line":2,"column":13},"end":{"line":2,"column":26}},"1":{"start":{"line":3,"column":15},"end":{"line":3,"column":61}},"2":{"start":{"line":4,"column":4},"end":{"line":4,"column":28}},"3":{"start":{"line":1,"column":0},"end":{"line":1,"column":16}}},"fnMap":{"0":{"name":"filereader","decl":{"start":{"line":1,"column":16},"end":{"line":1,"column":26}},"loc":{"start":{"line":1,"column":38},"end":{"line":5,"column":1}}}},"branchMap":{},"s":{"0":2,"1":2,"2":2,"3":1},"f":{"0":2},"b":{}}
,"C:\\Users\\Abder\\Downloads\\Code\\cintoo\\src\\functions.ts": {"path":"C:\\Users\\Abder\\Downloads\\Code\\cintoo\\src\\functions.ts","statementMap":{"0":{"start":{"line":1,"column":0},"end":{"line":1,"column":36}},"1":{"start":{"line":2,"column":0},"end":{"line":2,"column":37}},"2":{"start":{"line":15,"column":4},"end":{"line":15,"column":9}},"3":{"start":{"line":17,"column":27},"end":{"line":17,"column":44}},"4":{"start":{"line":19,"column":66},"end":{"line":19,"column":139}},"5":{"start":{"line":19,"column":94},"end":{"line":19,"column":139}},"6":{"start":{"line":20,"column":65},"end":{"line":20,"column":137}},"7":{"start":{"line":20,"column":92},"end":{"line":20,"column":137}},"8":{"start":{"line":21,"column":66},"end":{"line":21,"column":137}},"9":{"start":{"line":21,"column":92},"end":{"line":21,"column":137}},"10":{"start":{"line":22,"column":65},"end":{"line":22,"column":136}},"11":{"start":{"line":22,"column":91},"end":{"line":22,"column":136}},"12":{"start":{"line":24,"column":40},"end":{"line":29,"column":6}},"13":{"start":{"line":31,"column":26},"end":{"line":119,"column":5}},"14":{"start":{"line":33,"column":36},"end":{"line":33,"column":85}},"15":{"start":{"line":34,"column":45},"end":{"line":42,"column":null}},"16":{"start":{"line":43,"column":8},"end":{"line":108,"column":null}},"17":{"start":{"line":46,"column":16},"end":{"line":46,"column":92}},"18":{"start":{"line":47,"column":16},"end":{"line":47,"column":35}},"19":{"start":{"line":48,"column":16},"end":{"line":48,"column":22}},"20":{"start":{"line":50,"column":16},"end":{"line":50,"column":92}},"21":{"start":{"line":51,"column":16},"end":{"line":51,"column":35}},"22":{"start":{"line":52,"column":16},"end":{"line":52,"column":22}},"23":{"start":{"line":54,"column":16},"end":{"line":54,"column":92}},"24":{"start":{"line":55,"column":16},"end":{"line":55,"column":35}},"25":{"start":{"line":56,"column":16},"end":{"line":56,"column":22}},"26":{"start":{"line":58,"column":16},"end":{"line":58,"column":92}},"27":{"start":{"line":59,"column":16},"end":{"line":59,"column":35}},"28":{"start":{"line":60,"column":16},"end":{"line":60,"column":22}},"29":{"start":{"line":62,"column":16},"end":{"line":62,"column":92}},"30":{"start":{"line":64,"column":16},"end":{"line":64,"column":38}},"31":{"start":{"line":65,"column":16},"end":{"line":65,"column":22}},"32":{"start":{"line":67,"column":16},"end":{"line":67,"column":43}},"33":{"start":{"line":70,"column":16},"end":{"line":70,"column":92}},"34":{"start":{"line":71,"column":16},"end":{"line":71,"column":22}},"35":{"start":{"line":73,"column":16},"end":{"line":73,"column":31}},"36":{"start":{"line":74,"column":16},"end":{"line":74,"column":92}},"37":{"start":{"line":75,"column":16},"end":{"line":75,"column":22}},"38":{"start":{"line":77,"column":16},"end":{"line":82,"column":null}},"39":{"start":{"line":79,"column":20},"end":{"line":79,"column":48}},"40":{"start":{"line":80,"column":20},"end":{"line":80,"column":96}},"41":{"start":{"line":81,"column":20},"end":{"line":81,"column":26}},"42":{"start":{"line":83,"column":16},"end":{"line":83,"column":160}},"43":{"start":{"line":84,"column":16},"end":{"line":84,"column":113}},"44":{"start":{"line":85,"column":16},"end":{"line":85,"column":87}},"45":{"start":{"line":86,"column":16},"end":{"line":86,"column":null}},"46":{"start":{"line":87,"column":16},"end":{"line":87,"column":null}},"47":{"start":{"line":88,"column":16},"end":{"line":88,"column":null}},"48":{"start":{"line":89,"column":16},"end":{"line":89,"column":null}},"49":{"start":{"line":90,"column":16},"end":{"line":90,"column":null}},"50":{"start":{"line":91,"column":16},"end":{"line":91,"column":22}},"51":{"start":{"line":94,"column":16},"end":{"line":94,"column":160}},"52":{"start":{"line":96,"column":16},"end":{"line":96,"column":113}},"53":{"start":{"line":97,"column":16},"end":{"line":97,"column":87}},"54":{"start":{"line":98,"column":16},"end":{"line":98,"column":null}},"55":{"start":{"line":99,"column":16},"end":{"line":99,"column":null}},"56":{"start":{"line":100,"column":16},"end":{"line":100,"column":null}},"57":{"start":{"line":101,"column":16},"end":{"line":101,"column":null}},"58":{"start":{"line":102,"column":16},"end":{"line":102,"column":null}},"59":{"start":{"line":103,"column":16},"end":{"line":103,"column":22}},"60":{"start":{"line":107,"column":16},"end":{"line":107,"column":92}},"61":{"start":{"line":110,"column":8},"end":{"line":118,"column":null}},"62":{"start":{"line":121,"column":26},"end":{"line":133,"column":5}},"63":{"start":{"line":122,"column":21},"end":{"line":122,"column":23}},"64":{"start":{"line":124,"column":8},"end":{"line":127,"column":124}},"65":{"start":{"line":125,"column":12},"end":{"line":125,"column":70}},"66":{"start":{"line":127,"column":12},"end":{"line":127,"column":124}},"67":{"start":{"line":129,"column":8},"end":{"line":129,"column":35}},"68":{"start":{"line":131,"column":8},"end":{"line":131,"column":73}},"69":{"start":{"line":132,"column":8},"end":{"line":132,"column":null}},"70":{"start":{"line":134,"column":33},"end":{"line":170,"column":5}},"71":{"start":{"line":137,"column":36},"end":{"line":145,"column":null}},"72":{"start":{"line":146,"column":18},"end":{"line":146,"column":86}},"73":{"start":{"line":147,"column":27},"end":{"line":147,"column":28}},"74":{"start":{"line":148,"column":8},"end":{"line":151,"column":124}},"75":{"start":{"line":149,"column":12},"end":{"line":149,"column":70}},"76":{"start":{"line":151,"column":12},"end":{"line":151,"column":124}},"77":{"start":{"line":154,"column":8},"end":{"line":154,"column":65}},"78":{"start":{"line":155,"column":8},"end":{"line":155,"column":38}},"79":{"start":{"line":157,"column":8},"end":{"line":168,"column":null}},"80":{"start":{"line":160,"column":12},"end":{"line":160,"column":null}},"81":{"start":{"line":164,"column":12},"end":{"line":164,"column":64}},"82":{"start":{"line":167,"column":12},"end":{"line":167,"column":23}},"83":{"start":{"line":169,"column":8},"end":{"line":169,"column":60}},"84":{"start":{"line":171,"column":28},"end":{"line":193,"column":5}},"85":{"start":{"line":172,"column":28},"end":{"line":172,"column":32}},"86":{"start":{"line":173,"column":36},"end":{"line":181,"column":null}},"87":{"start":{"line":182,"column":18},"end":{"line":182,"column":86}},"88":{"start":{"line":185,"column":8},"end":{"line":189,"column":null}},"89":{"start":{"line":186,"column":12},"end":{"line":186,"column":35}},"90":{"start":{"line":187,"column":12},"end":{"line":187,"column":132}},"91":{"start":{"line":188,"column":12},"end":{"line":188,"column":46}},"92":{"start":{"line":192,"column":8},"end":{"line":192,"column":41}},"93":{"start":{"line":195,"column":30},"end":{"line":213,"column":5}},"94":{"start":{"line":196,"column":19},"end":{"line":196,"column":31}},"95":{"start":{"line":197,"column":36},"end":{"line":205,"column":null}},"96":{"start":{"line":208,"column":8},"end":{"line":210,"column":null}},"97":{"start":{"line":209,"column":12},"end":{"line":209,"column":158}},"98":{"start":{"line":211,"column":8},"end":{"line":211,"column":29}},"99":{"start":{"line":212,"column":8},"end":{"line":212,"column":154}},"100":{"start":{"line":215,"column":30},"end":{"line":229,"column":5}},"101":{"start":{"line":219,"column":38},"end":{"line":219,"column":39}},"102":{"start":{"line":220,"column":8},"end":{"line":223,"column":null}},"103":{"start":{"line":220,"column":22},"end":{"line":220,"column":23}},"104":{"start":{"line":221,"column":12},"end":{"line":222,"column":null}},"105":{"start":{"line":222,"column":16},"end":{"line":222,"column":null}},"106":{"start":{"line":226,"column":31},"end":{"line":226,"column":36}},"107":{"start":{"line":228,"column":8},"end":{"line":228,"column":71}},"108":{"start":{"line":230,"column":4},"end":{"line":230,"column":60}},"109":{"start":{"line":16,"column":0},"end":{"line":16,"column":16}}},"fnMap":{"0":{"name":"functions","decl":{"start":{"line":16,"column":16},"end":{"line":16,"column":25}},"loc":{"start":{"line":16,"column":41},"end":{"line":231,"column":1}}},"1":{"name":"(anonymous_7)","decl":{"start":{"line":19,"column":66},"end":{"line":19,"column":67}},"loc":{"start":{"line":19,"column":94},"end":{"line":19,"column":139}}},"2":{"name":"(anonymous_8)","decl":{"start":{"line":20,"column":65},"end":{"line":20,"column":66}},"loc":{"start":{"line":20,"column":92},"end":{"line":20,"column":137}}},"3":{"name":"(anonymous_9)","decl":{"start":{"line":21,"column":66},"end":{"line":21,"column":67}},"loc":{"start":{"line":21,"column":92},"end":{"line":21,"column":137}}},"4":{"name":"(anonymous_10)","decl":{"start":{"line":22,"column":65},"end":{"line":22,"column":66}},"loc":{"start":{"line":22,"column":91},"end":{"line":22,"column":136}}},"5":{"name":"(anonymous_11)","decl":{"start":{"line":31,"column":26},"end":{"line":31,"column":27}},"loc":{"start":{"line":31,"column":173},"end":{"line":119,"column":5}}},"6":{"name":"(anonymous_12)","decl":{"start":{"line":121,"column":26},"end":{"line":121,"column":27}},"loc":{"start":{"line":121,"column":83},"end":{"line":133,"column":5}}},"7":{"name":"(anonymous_13)","decl":{"start":{"line":134,"column":33},"end":{"line":134,"column":34}},"loc":{"start":{"line":134,"column":180},"end":{"line":170,"column":5}}},"8":{"name":"(anonymous_14)","decl":{"start":{"line":171,"column":28},"end":{"line":171,"column":29}},"loc":{"start":{"line":171,"column":189},"end":{"line":193,"column":5}}},"9":{"name":"(anonymous_15)","decl":{"start":{"line":195,"column":30},"end":{"line":195,"column":31}},"loc":{"start":{"line":195,"column":177},"end":{"line":213,"column":5}}},"10":{"name":"(anonymous_16)","decl":{"start":{"line":215,"column":30},"end":{"line":215,"column":31}},"loc":{"start":{"line":215,"column":78},"end":{"line":229,"column":5}}}},"branchMap":{"0":{"loc":{"start":{"line":31,"column":27},"end":{"line":31,"column":36}},"type":"default-arg","locations":[{"start":{"line":31,"column":33},"end":{"line":31,"column":36}}]},"1":{"loc":{"start":{"line":31,"column":38},"end":{"line":31,"column":62}},"type":"default-arg","locations":[{"start":{"line":31,"column":61},"end":{"line":31,"column":62}}]},"2":{"loc":{"start":{"line":31,"column":64},"end":{"line":31,"column":82}},"type":"default-arg","locations":[{"start":{"line":31,"column":81},"end":{"line":31,"column":82}}]},"3":{"loc":{"start":{"line":31,"column":84},"end":{"line":31,"column":106}},"type":"default-arg","locations":[{"start":{"line":31,"column":101},"end":{"line":31,"column":106}}]},"4":{"loc":{"start":{"line":31,"column":108},"end":{"line":31,"column":126}},"type":"default-arg","locations":[{"start":{"line":31,"column":122},"end":{"line":31,"column":126}}]},"5":{"loc":{"start":{"line":31,"column":128},"end":{"line":31,"column":141}},"type":"default-arg","locations":[{"start":{"line":31,"column":136},"end":{"line":31,"column":141}}]},"6":{"loc":{"start":{"line":31,"column":143},"end":{"line":31,"column":154}},"type":"default-arg","locations":[{"start":{"line":31,"column":153},"end":{"line":31,"column":154}}]},"7":{"loc":{"start":{"line":43,"column":8},"end":{"line":108,"column":null}},"type":"switch","locations":[{"start":{"line":44,"column":12},"end":{"line":48,"column":22}},{"start":{"line":49,"column":12},"end":{"line":52,"column":22}},{"start":{"line":53,"column":12},"end":{"line":56,"column":22}},{"start":{"line":57,"column":12},"end":{"line":60,"column":22}},{"start":{"line":61,"column":12},"end":{"line":65,"column":22}},{"start":{"line":66,"column":12},"end":{"line":71,"column":22}},{"start":{"line":72,"column":12},"end":{"line":75,"column":22}},{"start":{"line":76,"column":12},"end":{"line":91,"column":22}},{"start":{"line":92,"column":12},"end":{"line":103,"column":22}},{"start":{"line":105,"column":12},"end":{"line":107,"column":92}}]},"8":{"loc":{"start":{"line":77,"column":16},"end":{"line":82,"column":null}},"type":"if","locations":[{"start":{"line":77,"column":16},"end":{"line":82,"column":null}}]},"9":{"loc":{"start":{"line":124,"column":8},"end":{"line":127,"column":124}},"type":"if","locations":[{"start":{"line":124,"column":8},"end":{"line":127,"column":124}},{"start":{"line":127,"column":12},"end":{"line":127,"column":124}}]},"10":{"loc":{"start":{"line":134,"column":34},"end":{"line":134,"column":43}},"type":"default-arg","locations":[{"start":{"line":134,"column":40},"end":{"line":134,"column":43}}]},"11":{"loc":{"start":{"line":134,"column":45},"end":{"line":134,"column":69}},"type":"default-arg","locations":[{"start":{"line":134,"column":68},"end":{"line":134,"column":69}}]},"12":{"loc":{"start":{"line":134,"column":71},"end":{"line":134,"column":89}},"type":"default-arg","locations":[{"start":{"line":134,"column":88},"end":{"line":134,"column":89}}]},"13":{"loc":{"start":{"line":134,"column":91},"end":{"line":134,"column":113}},"type":"default-arg","locations":[{"start":{"line":134,"column":108},"end":{"line":134,"column":113}}]},"14":{"loc":{"start":{"line":134,"column":115},"end":{"line":134,"column":133}},"type":"default-arg","locations":[{"start":{"line":134,"column":129},"end":{"line":134,"column":133}}]},"15":{"loc":{"start":{"line":134,"column":135},"end":{"line":134,"column":148}},"type":"default-arg","locations":[{"start":{"line":134,"column":143},"end":{"line":134,"column":148}}]},"16":{"loc":{"start":{"line":134,"column":150},"end":{"line":134,"column":161}},"type":"default-arg","locations":[{"start":{"line":134,"column":160},"end":{"line":134,"column":161}}]},"17":{"loc":{"start":{"line":148,"column":8},"end":{"line":151,"column":124}},"type":"if","locations":[{"start":{"line":148,"column":8},"end":{"line":151,"column":124}},{"start":{"line":151,"column":12},"end":{"line":151,"column":124}}]},"18":{"loc":{"start":{"line":157,"column":8},"end":{"line":168,"column":null}},"type":"if","locations":[{"start":{"line":157,"column":8},"end":{"line":168,"column":null}}]},"19":{"loc":{"start":{"line":157,"column":12},"end":{"line":157,"column":66}},"type":"binary-expr","locations":[{"start":{"line":157,"column":12},"end":{"line":157,"column":36}},{"start":{"line":157,"column":40},"end":{"line":157,"column":66}}]},"20":{"loc":{"start":{"line":171,"column":29},"end":{"line":171,"column":38}},"type":"default-arg","locations":[{"start":{"line":171,"column":35},"end":{"line":171,"column":38}}]},"21":{"loc":{"start":{"line":171,"column":40},"end":{"line":171,"column":64}},"type":"default-arg","locations":[{"start":{"line":171,"column":63},"end":{"line":171,"column":64}}]},"22":{"loc":{"start":{"line":171,"column":66},"end":{"line":171,"column":84}},"type":"default-arg","locations":[{"start":{"line":171,"column":83},"end":{"line":171,"column":84}}]},"23":{"loc":{"start":{"line":171,"column":86},"end":{"line":171,"column":108}},"type":"default-arg","locations":[{"start":{"line":171,"column":103},"end":{"line":171,"column":108}}]},"24":{"loc":{"start":{"line":171,"column":110},"end":{"line":171,"column":128}},"type":"default-arg","locations":[{"start":{"line":171,"column":124},"end":{"line":171,"column":128}}]},"25":{"loc":{"start":{"line":171,"column":130},"end":{"line":171,"column":143}},"type":"default-arg","locations":[{"start":{"line":171,"column":138},"end":{"line":171,"column":143}}]},"26":{"loc":{"start":{"line":171,"column":145},"end":{"line":171,"column":156}},"type":"default-arg","locations":[{"start":{"line":171,"column":155},"end":{"line":171,"column":156}}]},"27":{"loc":{"start":{"line":195,"column":31},"end":{"line":195,"column":40}},"type":"default-arg","locations":[{"start":{"line":195,"column":37},"end":{"line":195,"column":40}}]},"28":{"loc":{"start":{"line":195,"column":42},"end":{"line":195,"column":66}},"type":"default-arg","locations":[{"start":{"line":195,"column":65},"end":{"line":195,"column":66}}]},"29":{"loc":{"start":{"line":195,"column":68},"end":{"line":195,"column":86}},"type":"default-arg","locations":[{"start":{"line":195,"column":85},"end":{"line":195,"column":86}}]},"30":{"loc":{"start":{"line":195,"column":88},"end":{"line":195,"column":110}},"type":"default-arg","locations":[{"start":{"line":195,"column":105},"end":{"line":195,"column":110}}]},"31":{"loc":{"start":{"line":195,"column":112},"end":{"line":195,"column":130}},"type":"default-arg","locations":[{"start":{"line":195,"column":126},"end":{"line":195,"column":130}}]},"32":{"loc":{"start":{"line":195,"column":132},"end":{"line":195,"column":145}},"type":"default-arg","locations":[{"start":{"line":195,"column":140},"end":{"line":195,"column":145}}]},"33":{"loc":{"start":{"line":195,"column":147},"end":{"line":195,"column":158}},"type":"default-arg","locations":[{"start":{"line":195,"column":157},"end":{"line":195,"column":158}}]},"34":{"loc":{"start":{"line":208,"column":8},"end":{"line":210,"column":null}},"type":"if","locations":[{"start":{"line":208,"column":8},"end":{"line":210,"column":null}}]},"35":{"loc":{"start":{"line":221,"column":12},"end":{"line":222,"column":null}},"type":"if","locations":[{"start":{"line":221,"column":12},"end":{"line":222,"column":null}}]},"36":{"loc":{"start":{"line":221,"column":15},"end":{"line":221,"column":74}},"type":"binary-expr","locations":[{"start":{"line":221,"column":15},"end":{"line":221,"column":42}},{"start":{"line":221,"column":46},"end":{"line":221,"column":74}}]}},"s":{"0":1,"1":1,"2":1,"3":1,"4":1,"5":1,"6":1,"7":3,"8":1,"9":2,"10":1,"11":0,"12":1,"13":1,"14":6,"15":6,"16":6,"17":0,"18":0,"19":0,"20":0,"21":0,"22":0,"23":0,"24":0,"25":0,"26":0,"27":0,"28":0,"29":0,"30":0,"31":0,"32":0,"33":0,"34":0,"35":0,"36":0,"37":0,"38":0,"39":0,"40":0,"41":0,"42":0,"43":0,"44":0,"45":0,"46":0,"47":0,"48":0,"49":0,"50":0,"51":2,"52":2,"53":2,"54":2,"55":2,"56":2,"57":2,"58":2,"59":2,"60":4,"61":6,"62":1,"63":4,"64":4,"65":3,"66":1,"67":4,"68":4,"69":4,"70":1,"71":2,"72":2,"73":2,"74":2,"75":2,"76":0,"77":2,"78":2,"79":2,"80":2,"81":2,"82":2,"83":0,"84":1,"85":2,"86":2,"87":2,"88":2,"89":2,"90":2,"91":2,"92":2,"93":1,"94":2,"95":2,"96":2,"97":2,"98":0,"99":0,"100":1,"101":0,"102":0,"103":0,"104":0,"105":0,"106":0,"107":0,"108":1,"109":1},"f":{"0":1,"1":1,"2":3,"3":2,"4":0,"5":6,"6":4,"7":2,"8":2,"9":2,"10":0},"b":{"0":[0],"1":[0],"2":[0],"3":[0],"4":[0],"5":[0],"6":[0],"7":[0,0,0,0,0,0,0,0,2,4],"8":[0],"9":[3,1],"10":[0],"11":[0],"12":[0],"13":[0],"14":[0],"15":[0],"16":[0],"17":[2,0],"18":[2],"19":[2,2],"20":[0],"21":[0],"22":[0],"23":[0],"24":[0],"25":[0],"26":[0],"27":[0],"28":[0],"29":[0],"30":[0],"31":[0],"32":[0],"33":[0],"34":[2],"35":[0],"36":[0,0]}}
,"C:\\Users\\Abder\\Downloads\\Code\\cintoo\\src\\startup.ts": {"path":"C:\\Users\\Abder\\Downloads\\Code\\cintoo\\src\\startup.ts","statementMap":{"0":{"start":{"line":1,"column":0},"end":{"line":1,"column":40}},"1":{"start":{"line":4,"column":23},"end":{"line":4,"column":43}},"2":{"start":{"line":5,"column":25},"end":{"line":5,"column":29}},"3":{"start":{"line":6,"column":24},"end":{"line":6,"column":25}},"4":{"start":{"line":7,"column":24},"end":{"line":7,"column":26}},"5":{"start":{"line":9,"column":21},"end":{"line":13,"column":5}},"6":{"start":{"line":10,"column":29},"end":{"line":10,"column":46}},"7":{"start":{"line":11,"column":8},"end":{"line":11,"column":19}},"8":{"start":{"line":12,"column":8},"end":{"line":12,"column":20}},"9":{"start":{"line":15,"column":23},"end":{"line":15,"column":44}},"10":{"start":{"line":16,"column":23},"end":{"line":16,"column":46}},"11":{"start":{"line":17,"column":23},"end":{"line":17,"column":46}},"12":{"start":{"line":19,"column":4},"end":{"line":28,"column":null}},"13":{"start":{"line":19,"column":17},"end":{"line":19,"column":18}},"14":{"start":{"line":20,"column":18},"end":{"line":20,"column":28}},"15":{"start":{"line":21,"column":25},"end":{"line":21,"column":38}},"16":{"start":{"line":23,"column":8},"end":{"line":25,"column":null}},"17":{"start":{"line":24,"column":12},"end":{"line":24,"column":null}},"18":{"start":{"line":26,"column":8},"end":{"line":26,"column":37}},"19":{"start":{"line":31,"column":4},"end":{"line":31,"column":null}},"20":{"start":{"line":3,"column":0},"end":{"line":3,"column":16}}},"fnMap":{"0":{"name":"startup","decl":{"start":{"line":3,"column":16},"end":{"line":3,"column":23}},"loc":{"start":{"line":3,"column":40},"end":{"line":32,"column":1}}},"1":{"name":"(anonymous_1)","decl":{"start":{"line":9,"column":21},"end":{"line":9,"column":24}},"loc":{"start":{"line":9,"column":26},"end":{"line":13,"column":5}}}},"branchMap":{"0":{"loc":{"start":{"line":23,"column":8},"end":{"line":25,"column":null}},"type":"if","locations":[{"start":{"line":23,"column":8},"end":{"line":25,"column":null}}]}},"s":{"0":1,"1":2,"2":2,"3":2,"4":2,"5":2,"6":12,"7":12,"8":12,"9":2,"10":2,"11":2,"12":2,"13":2,"14":10,"15":10,"16":10,"17":8,"18":10,"19":2,"20":1},"f":{"0":2,"1":12},"b":{"0":[8]}}
}
