TN:
SF:src\app.ts
FN:6,App
FN:25,(anonymous_7)
FN:29,(anonymous_8)
FN:40,(anonymous_9)
FN:71,(anonymous_10)
FNF:5
FNH:5
FNDA:1,App
FNDA:5,(anonymous_7)
FNDA:15,(anonymous_8)
FNDA:4,(anonymous_9)
FNDA:4,(anonymous_10)
DA:1,1
DA:2,1
DA:3,1
DA:4,1
DA:6,1
DA:7,1
DA:8,1
DA:9,1
DA:10,1
DA:11,1
DA:13,1
DA:14,1
DA:16,1
DA:17,1
DA:18,1
DA:19,1
DA:21,1
DA:22,1
DA:23,1
DA:25,1
DA:26,5
DA:27,5
DA:29,5
DA:30,15
DA:31,5
DA:32,5
DA:34,10
DA:36,5
DA:37,0
DA:40,1
DA:53,4
DA:54,4
DA:55,4
DA:56,4
DA:57,4
DA:58,4
DA:59,4
DA:61,4
DA:62,4
DA:64,1
DA:66,4
DA:69,1
DA:71,1
DA:73,4
DA:74,0
DA:75,0
DA:76,0
DA:78,0
DA:81,4
DA:83,4
DA:84,4
DA:85,4
DA:88,4
DA:90,1
DA:91,0
DA:93,1
LF:56
LH:50
BRDA:30,0,0,5
BRDA:36,1,0,0
BRDA:62,2,0,1
BRDA:73,3,0,0
BRDA:84,4,0,4
BRDA:88,5,0,5
BRDA:88,5,1,4
BRDA:90,6,0,0
BRDA:90,6,1,1
BRF:9
BRH:6
end_of_record
TN:
SF:src\constants.ts
FNF:0
FNH:0
DA:2,1
DA:4,1
DA:6,1
DA:8,1
DA:10,1
DA:12,1
DA:14,1
DA:16,1
DA:18,1
DA:20,1
DA:22,1
DA:24,1
DA:26,1
DA:28,1
LF:14
LH:14
BRF:0
BRH:0
end_of_record
TN:
SF:src\filereader.ts
FN:1,filereader
FNF:1
FNH:1
FNDA:2,filereader
DA:1,1
DA:2,2
DA:3,2
DA:4,2
LF:4
LH:4
BRF:0
BRH:0
end_of_record
TN:
SF:src\functions.ts
FN:16,functions
FN:19,(anonymous_7)
FN:20,(anonymous_8)
FN:21,(anonymous_9)
FN:22,(anonymous_10)
FN:31,(anonymous_11)
FN:121,(anonymous_12)
FN:134,(anonymous_13)
FN:171,(anonymous_14)
FN:195,(anonymous_15)
FN:215,(anonymous_16)
FNF:11
FNH:9
FNDA:1,functions
FNDA:1,(anonymous_7)
FNDA:3,(anonymous_8)
FNDA:2,(anonymous_9)
FNDA:0,(anonymous_10)
FNDA:6,(anonymous_11)
FNDA:4,(anonymous_12)
FNDA:2,(anonymous_13)
FNDA:2,(anonymous_14)
FNDA:2,(anonymous_15)
FNDA:0,(anonymous_16)
DA:1,1
DA:2,1
DA:15,1
DA:16,1
DA:17,1
DA:19,1
DA:20,3
DA:21,2
DA:22,1
DA:24,1
DA:31,1
DA:33,6
DA:34,6
DA:43,6
DA:46,0
DA:47,0
DA:48,0
DA:50,0
DA:51,0
DA:52,0
DA:54,0
DA:55,0
DA:56,0
DA:58,0
DA:59,0
DA:60,0
DA:62,0
DA:64,0
DA:65,0
DA:67,0
DA:70,0
DA:71,0
DA:73,0
DA:74,0
DA:75,0
DA:77,0
DA:79,0
DA:80,0
DA:81,0
DA:83,0
DA:84,0
DA:85,0
DA:86,0
DA:87,0
DA:88,0
DA:89,0
DA:90,0
DA:91,0
DA:94,2
DA:96,2
DA:97,2
DA:98,2
DA:99,2
DA:100,2
DA:101,2
DA:102,2
DA:103,2
DA:107,4
DA:110,6
DA:121,1
DA:122,4
DA:124,4
DA:125,3
DA:127,1
DA:129,4
DA:131,4
DA:132,4
DA:134,1
DA:137,2
DA:146,2
DA:147,2
DA:148,2
DA:149,2
DA:151,0
DA:154,2
DA:155,2
DA:157,2
DA:160,2
DA:164,2
DA:167,2
DA:169,0
DA:171,1
DA:172,2
DA:173,2
DA:182,2
DA:185,2
DA:186,2
DA:187,2
DA:188,2
DA:192,2
DA:195,1
DA:196,2
DA:197,2
DA:208,2
DA:209,2
DA:211,0
DA:212,0
DA:215,1
DA:219,0
DA:220,0
DA:221,0
DA:222,0
DA:226,0
DA:228,0
DA:230,1
LF:105
LH:61
BRDA:31,0,0,0
BRDA:31,1,0,0
BRDA:31,2,0,0
BRDA:31,3,0,0
BRDA:31,4,0,0
BRDA:31,5,0,0
BRDA:31,6,0,0
BRDA:43,7,0,0
BRDA:43,7,1,0
BRDA:43,7,2,0
BRDA:43,7,3,0
BRDA:43,7,4,0
BRDA:43,7,5,0
BRDA:43,7,6,0
BRDA:43,7,7,0
BRDA:43,7,8,2
BRDA:43,7,9,4
BRDA:77,8,0,0
BRDA:124,9,0,3
BRDA:124,9,1,1
BRDA:134,10,0,0
BRDA:134,11,0,0
BRDA:134,12,0,0
BRDA:134,13,0,0
BRDA:134,14,0,0
BRDA:134,15,0,0
BRDA:134,16,0,0
BRDA:148,17,0,2
BRDA:148,17,1,0
BRDA:157,18,0,2
BRDA:157,19,0,2
BRDA:157,19,1,2
BRDA:171,20,0,0
BRDA:171,21,0,0
BRDA:171,22,0,0
BRDA:171,23,0,0
BRDA:171,24,0,0
BRDA:171,25,0,0
BRDA:171,26,0,0
BRDA:195,27,0,0
BRDA:195,28,0,0
BRDA:195,29,0,0
BRDA:195,30,0,0
BRDA:195,31,0,0
BRDA:195,32,0,0
BRDA:195,33,0,0
BRDA:208,34,0,2
BRDA:221,35,0,0
BRDA:221,36,0,0
BRDA:221,36,1,0
BRF:50
BRH:9
end_of_record
TN:
SF:src\startup.ts
FN:3,startup
FN:9,(anonymous_1)
FNF:2
FNH:2
FNDA:2,startup
FNDA:12,(anonymous_1)
DA:1,1
DA:3,1
DA:4,2
DA:5,2
DA:6,2
DA:7,2
DA:9,2
DA:10,12
DA:11,12
DA:12,12
DA:15,2
DA:16,2
DA:17,2
DA:19,2
DA:20,10
DA:21,10
DA:23,10
DA:24,8
DA:26,10
DA:31,2
LF:20
LH:20
BRDA:23,0,0,8
BRF:1
BRH:1
end_of_record
